<?xml version="1.0" encoding="UTF-8"?>
<testng-results ignored="0" total="1" passed="1" failed="0" skipped="0">
  <reporter-output>
  </reporter-output>
  <suite started-at="2025-03-27T09:39:47 IST" name="Default suite" finished-at="2025-03-27T09:39:47 IST" duration-ms="185">
    <groups>
    </groups>
    <test started-at="2025-03-27T09:39:47 IST" name="Default test" finished-at="2025-03-27T09:39:47 IST" duration-ms="185">
      <class name="sample.DemoGitHub">
        <test-method signature="m1()[pri:0, instance:sample.DemoGitHub@53fe15ff]" started-at="2025-03-27T09:39:47 IST" name="m1" finished-at="2025-03-27T09:39:47 IST" duration-ms="36" status="PASS">
          <reporter-output>
          </reporter-output>
        </test-method> <!-- m1 -->
      </class> <!-- sample.DemoGitHub -->
    </test> <!-- Default test -->
  </suite> <!-- Default suite -->
</testng-results>
