<?xml version="1.0" encoding="UTF-8"?>
<testng-results ignored="0" total="1" passed="1" failed="0" skipped="0">
  <reporter-output>
  </reporter-output>
  <suite started-at="2025-03-29T09:19:12 IST" name="Default suite" finished-at="2025-03-29T09:19:12 IST" duration-ms="133">
    <groups>
    </groups>
    <test started-at="2025-03-29T09:19:12 IST" name="Default test" finished-at="2025-03-29T09:19:12 IST" duration-ms="133">
      <class name="sample.Sample2">
        <test-method signature="m2()[pri:0, instance:sample.Sample2@53fe15ff]" started-at="2025-03-29T09:19:12 IST" name="m2" finished-at="2025-03-29T09:19:12 IST" duration-ms="23" status="PASS">
          <reporter-output>
          </reporter-output>
        </test-method> <!-- m2 -->
      </class> <!-- sample.Sample2 -->
    </test> <!-- Default test -->
  </suite> <!-- Default suite -->
</testng-results>
